<?xml version="1.0" encoding="UTF-8"?>
<!-- Generated by org.testng.reporters.JUnitReportReporter -->
<testsuite hostname="DESKTOP-T7DLMVC" name="Testcases.UserTestcases" tests="1" failures="0" timestamp="25 Nov 2019 13:25:51 GMT" time="23.858" errors="0">
  <testcase name="Adduser" time="23.858" classname="Testcases.UserTestcases"/>
</testsuite> <!-- Testcases.UserTestcases -->
