<?xml version="1.0" encoding="UTF-8"?>
<!-- Generated by org.testng.reporters.JUnitReportReporter -->
<testsuite hostname="DESKTOP-T7DLMVC" name="Testcases.LoginTestcases" tests="3" failures="0" timestamp="25 Nov 2019 12:14:30 GMT" time="29.548" errors="0">
  <testcase name="verifypageTittle" time="7.362" classname="Testcases.LoginTestcases"/>
  <testcase name="verifyOrangehrmLogo" time="8.921" classname="Testcases.LoginTestcases"/>
  <testcase name="verifyvalidUsernameAndPassword" time="13.265" classname="Testcases.LoginTestcases"/>
</testsuite> <!-- Testcases.LoginTestcases -->
