<?xml version="1.0" encoding="UTF-8"?>
<!-- Generated by org.testng.reporters.JUnitReportReporter -->
<testsuite hostname="DESKTOP-T7DLMVC" name="Testcases.DashboardTestcases" tests="1" failures="0" timestamp="25 Nov 2019 12:14:30 GMT" time="10.272" errors="0">
  <testcase name="verifyclickOnDashboard" time="10.272" classname="Testcases.DashboardTestcases"/>
</testsuite> <!-- Testcases.DashboardTestcases -->
