<?xml version="1.0" encoding="UTF-8"?>
<!-- Generated by org.testng.reporters.JUnitReportReporter -->
<testsuite hostname="DESKTOP-T7DLMVC" name="Login.LoginTestcases" tests="3" failures="0" timestamp="21 Nov 2019 11:02:50 GMT" time="29.340" errors="0">
  <testcase name="verifyOrangehrmLogo" time="8.860" classname="Login.LoginTestcases"/>
  <testcase name="verifyvalidUsernameAndPassword" time="12.718" classname="Login.LoginTestcases"/>
  <testcase name="verifypageTittle" time="7.762" classname="Login.LoginTestcases"/>
</testsuite> <!-- Login.LoginTestcases -->
