<?xml version="1.0" encoding="UTF-8"?>
<!-- Generated by org.testng.reporters.JUnitReportReporter -->
<testsuite hostname="DESKTOP-T7DLMVC" name="Testcases.LeaveEntitlementTestcases" tests="1" failures="0" timestamp="26 Nov 2019 06:37:44 GMT" time="17.519" errors="0">
  <testcase name="AddLeaveEntitlement" time="17.519" classname="Testcases.LeaveEntitlementTestcases"/>
</testsuite> <!-- Testcases.LeaveEntitlementTestcases -->
